Build started 11/14/2014 11:17:48 PM.
     1>Project "C:\Users\Thompson\Documents\Visual Studio 2010\Projects\Raytracer\Raytracer\Raytracer.vcxproj" on node 2 (build target(s)).
     1>InitializeBuildStatus:
         Creating "Debug\Raytracer.unsuccessfulbuild" because "AlwaysCreate" was specified.
       ClCompile:
         C:\Program Files\Microsoft Visual Studio 10.0\VC\bin\CL.exe /c /ZI /nologo /W3 /WX- /Od /Oy- /D _MBCS /Gm /EHsc /RTC1 /MDd /GS /fp:precise /Zc:wchar_t /Zc:forScope /Fo"Debug\\" /Fd"Debug\vc100.pdb" /Gd /TP /analyze- /errorReport:prompt main.cpp
         main.cpp
     1>c:\users\thompson\documents\visual studio 2010\projects\raytracer\raytracer\main.cpp(299): warning C4101: 'tRed' : unreferenced local variable
     1>c:\users\thompson\documents\visual studio 2010\projects\raytracer\raytracer\main.cpp(299): warning C4101: 'tGreen' : unreferenced local variable
     1>c:\users\thompson\documents\visual studio 2010\projects\raytracer\raytracer\main.cpp(300): warning C4101: 'ptrPixel' : unreferenced local variable
     1>c:\users\thompson\documents\visual studio 2010\projects\raytracer\raytracer\main.cpp(299): warning C4101: 'tBlue' : unreferenced local variable
       Link:
         C:\Program Files\Microsoft Visual Studio 10.0\VC\bin\link.exe /ERRORREPORT:PROMPT /OUT:"C:\Users\Thompson\Documents\Visual Studio 2010\Projects\Raytracer\Debug\Raytracer.exe" /NOLOGO kernel32.lib user32.lib gdi32.lib winspool.lib comdlg32.lib advapi32.lib shell32.lib ole32.lib oleaut32.lib uuid.lib odbc32.lib odbccp32.lib /MANIFEST /ManifestFile:"Debug\Raytracer.exe.intermediate.manifest" /MANIFESTUAC:"level='asInvoker' uiAccess='false'" /DEBUG /PDB:"C:\Users\Thompson\Documents\Visual Studio 2010\Projects\Raytracer\Debug\Raytracer.pdb" /TLBID:1 /DYNAMICBASE /NXCOMPAT /IMPLIB:"C:\Users\Thompson\Documents\Visual Studio 2010\Projects\Raytracer\Debug\Raytracer.lib" /MACHINE:X86 Debug\Camera.obj
         Debug\Color.obj
         Debug\Light.obj
         Debug\main.obj
         Debug\Object.obj
         Debug\Plane.obj
         Debug\Ray.obj
         Debug\Source.obj
         Debug\Sphere.obj
         Debug\Vector3D.obj
         LINK : C:\Users\Thompson\Documents\Visual Studio 2010\Projects\Raytracer\Debug\Raytracer.exe not found or not built by the last incremental link; performing full link
         Raytracer.vcxproj -> C:\Users\Thompson\Documents\Visual Studio 2010\Projects\Raytracer\Debug\Raytracer.exe
       Manifest:
         C:\Program Files\Microsoft SDKs\Windows\v7.0A\bin\mt.exe /nologo /verbose /outputresource:"C:\Users\Thompson\Documents\Visual Studio 2010\Projects\Raytracer\Debug\Raytracer.exe;#1" /manifest Debug\Raytracer.exe.intermediate.manifest
       FinalizeBuildStatus:
         Deleting file "Debug\Raytracer.unsuccessfulbuild".
         Touching "Debug\Raytracer.lastbuildstate".
     1>Done Building Project "C:\Users\Thompson\Documents\Visual Studio 2010\Projects\Raytracer\Raytracer\Raytracer.vcxproj" (build target(s)).

Build succeeded.

Time Elapsed 00:00:02.38
